[12/Oct/2025 05:22:44] "GET /blog/dashboard/ HTTP/1.1" 200 15706
[12/Oct/2025 05:23:01] "GET /blog/dashboard/ HTTP/1.1" 302 0
[12/Oct/2025 05:23:05] "GET /blog/dashboard/ HTTP/1.1" 200 15706
[12/Oct/2025 05:23:18] "GET /blog/create/ HTTP/1.1" 200 14735
[12/Oct/2025 05:23:18] "GET /static/django_ckeditor_5/dist/styles.css HTTP/1.1" 200 213809
[12/Oct/2025 05:23:18] "GET /static/django_ckeditor_5/dist/bundle.js HTTP/1.1" 200 1275904
[12/Oct/2025 05:23:38] "GET /blog/login/ HTTP/1.1" 200 10702
[12/Oct/2025 05:24:02] "GET /blog/profile/ HTTP/1.1" 200 15395
[12/Oct/2025 05:25:49] "GET /blog/create/ HTTP/1.1" 200 14735
[12/Oct/2025 05:25:52] "GET /blog/dashboard/ HTTP/1.1" 200 15706
[12/Oct/2025 05:25:54] "GET /blog/profile/ HTTP/1.1" 200 15395
[12/Oct/2025 05:25:58] "GET /blog/archived/ HTTP/1.1" 200 13665
[12/Oct/2025 05:26:02] "GET /blog/create-admin/ HTTP/1.1" 200 13645
[12/Oct/2025 06:05:13] "GET /blog/create/ HTTP/1.1" 200 14735
[12/Oct/2025 06:05:13] "GET /static/django_ckeditor_5/dist/styles.css HTTP/1.1" 304 0
[12/Oct/2025 06:05:13] "GET /static/django_ckeditor_5/dist/bundle.js HTTP/1.1" 304 0
[12/Oct/2025 06:05:41] "GET /blog/dashboard/ HTTP/1.1" 200 15706
[12/Oct/2025 08:25:42] "GET /blog/dashboard/ HTTP/1.1" 200 15706
[12/Oct/2025 09:26:19] "GET /blog/dashboard/ HTTP/1.1" 200 15706
[12/Oct/2025 09:26:19] "GET /static/django-browser-reload/reload-listener.js HTTP/1.1" 200 623
Not Found: /favicon.ico
[12/Oct/2025 09:26:29] "GET /blog/login/ HTTP/1.1" 302 0
[12/Oct/2025 09:26:29] "GET /blog/dashboard/ HTTP/1.1" 200 15706
[12/Oct/2025 09:26:37] "GET /blog/login/ HTTP/1.1" 302 0
[12/Oct/2025 09:26:37] "GET /blog/dashboard/ HTTP/1.1" 200 15706
[12/Oct/2025 09:26:39] "GET /blog/logout/ HTTP/1.1" 302 0
[12/Oct/2025 09:26:39] "GET /blog/login/ HTTP/1.1" 200 11692
[12/Oct/2025 09:28:57] "GET /blog/login/ HTTP/1.1" 200 10702
[12/Oct/2025 09:31:18] "GET /blog/login/ HTTP/1.1" 200 10702
[12/Oct/2025 09:31:20] "GET /blog/login/ HTTP/1.1" 200 10702
[12/Oct/2025 09:43:54] "GET /blog/login/ HTTP/1.1" 200 10702
[12/Oct/2025 09:43:56] "GET /blog/login/ HTTP/1.1" 200 10702
[12/Oct/2025 09:43:58] "GET /blog/login/ HTTP/1.1" 200 10702
